{
  "RSpec": {
    "coverage": {
      "/media/jefferson/6BAAA86B14896DC3/UTFPR/2017-1º/web5/workspace/rpg/app/controllers/match/alternatives_controller.rb": [
        1,
        null,
        1,
        0,
        0,
        0,
        0,
        null,
        0,
        null,
        0,
        null,
        null
      ],
      "/media/jefferson/6BAAA86B14896DC3/UTFPR/2017-1º/web5/workspace/rpg/app/controllers/match/app_match_controller.rb": [
        1,
        1,
        1,
        null,
        1,
        null
      ],
      "/media/jefferson/6BAAA86B14896DC3/UTFPR/2017-1º/web5/workspace/rpg/app/models/game.rb": [
        1,
        1,
        1,
        1,
        1,
        null,
        1,
        null
      ],
      "/media/jefferson/6BAAA86B14896DC3/UTFPR/2017-1º/web5/workspace/rpg/app/models/history.rb": [
        1,
        1,
        null,
        1,
        1,
        1,
        1,
        1,
        null,
        1,
        0,
        0,
        0,
        null,
        null,
        0,
        null,
        null
      ],
      "/media/jefferson/6BAAA86B14896DC3/UTFPR/2017-1º/web5/workspace/rpg/app/controllers/application_controller.rb": [
        1,
        1,
        null,
        1,
        null,
        1,
        null,
        1,
        null,
        1,
        81,
        null,
        43,
        null,
        null,
        1,
        78,
        0,
        null,
        null,
        78,
        0,
        null,
        null,
        null
      ],
      "/media/jefferson/6BAAA86B14896DC3/UTFPR/2017-1º/web5/workspace/rpg/app/controllers/home_controller.rb": [
        1,
        1,
        null,
        null
      ],
      "/media/jefferson/6BAAA86B14896DC3/UTFPR/2017-1º/web5/workspace/rpg/app/controllers/match/challenges_controller.rb": [
        1,
        1,
        1,
        1,
        null,
        1,
        4,
        null,
        null,
        1,
        5,
        5,
        10,
        null,
        null,
        null,
        1,
        5,
        5,
        null,
        5,
        3,
        3,
        null,
        2,
        2,
        2,
        null,
        null,
        null,
        1,
        3,
        3,
        3,
        null,
        0,
        0,
        0,
        0,
        null,
        null,
        null,
        1,
        2,
        null,
        2,
        null,
        null,
        1,
        null,
        1,
        8,
        null,
        null,
        1,
        28,
        null,
        null,
        1,
        28,
        null,
        null,
        1,
        14,
        null,
        null
      ],
      "/media/jefferson/6BAAA86B14896DC3/UTFPR/2017-1º/web5/workspace/rpg/app/models/challenge.rb": [
        1,
        1,
        null,
        1,
        1,
        1,
        null,
        1,
        null,
        1,
        null
      ],
      "/media/jefferson/6BAAA86B14896DC3/UTFPR/2017-1º/web5/workspace/rpg/app/models/alternative.rb": [
        1,
        1,
        null,
        1,
        null
      ],
      "/media/jefferson/6BAAA86B14896DC3/UTFPR/2017-1º/web5/workspace/rpg/app/models/character.rb": [
        1,
        1,
        1,
        1,
        null,
        1,
        null
      ],
      "/media/jefferson/6BAAA86B14896DC3/UTFPR/2017-1º/web5/workspace/rpg/app/controllers/match/characters_controller.rb": [
        1,
        1,
        1,
        null,
        1,
        0,
        null,
        null,
        1,
        4,
        4,
        null,
        null,
        1,
        1,
        null,
        null,
        1,
        4,
        null,
        4,
        2,
        2,
        null,
        2,
        2,
        null,
        null,
        null,
        1,
        1,
        1,
        1,
        null,
        0,
        0,
        null,
        null,
        null,
        1,
        0,
        0,
        null,
        null,
        1,
        1,
        14,
        null,
        null,
        1,
        6,
        null,
        null,
        1,
        5,
        null,
        null
      ],
      "/media/jefferson/6BAAA86B14896DC3/UTFPR/2017-1º/web5/workspace/rpg/app/models/skill.rb": [
        1,
        null
      ],
      "/media/jefferson/6BAAA86B14896DC3/UTFPR/2017-1º/web5/workspace/rpg/app/models/breed.rb": [
        1,
        1,
        1,
        null,
        1,
        null
      ],
      "/media/jefferson/6BAAA86B14896DC3/UTFPR/2017-1º/web5/workspace/rpg/app/controllers/match/games_controller.rb": [
        1,
        null,
        1,
        1,
        null,
        null,
        1,
        1,
        null,
        null,
        1,
        6,
        6,
        null,
        null,
        1,
        5,
        null,
        null,
        1,
        4,
        null,
        4,
        2,
        2,
        null,
        2,
        2,
        null,
        null,
        null,
        1,
        1,
        null,
        1,
        1,
        1,
        null,
        0,
        0,
        null,
        null,
        null,
        1,
        0,
        0,
        0,
        null,
        0,
        null,
        null,
        1,
        1,
        1,
        1,
        null,
        1,
        1,
        null,
        null,
        1,
        0,
        0,
        0,
        null,
        0,
        0,
        null,
        null,
        1,
        null,
        1,
        5,
        null,
        null
      ],
      "/media/jefferson/6BAAA86B14896DC3/UTFPR/2017-1º/web5/workspace/rpg/app/controllers/match/histories_controller.rb": [
        1,
        1,
        2,
        2,
        null,
        null,
        1,
        2,
        null,
        null,
        1,
        0,
        null,
        null,
        1,
        0,
        null,
        null,
        1,
        0,
        null,
        0,
        0,
        0,
        null,
        0,
        0,
        null,
        null,
        null,
        1,
        0,
        null,
        null,
        1,
        0,
        null,
        0,
        0,
        0,
        null,
        0,
        0,
        null,
        null,
        null,
        1,
        0,
        null,
        0,
        0,
        0,
        null,
        0,
        0,
        null,
        null,
        null,
        1,
        null,
        1,
        0,
        null,
        null
      ],
      "/media/jefferson/6BAAA86B14896DC3/UTFPR/2017-1º/web5/workspace/rpg/app/controllers/pictures_controller.rb": [
        1,
        1,
        null,
        1,
        3,
        3,
        null,
        null,
        1,
        1,
        null,
        1,
        1,
        1,
        null,
        0,
        0,
        null,
        null,
        null
      ],
      "/media/jefferson/6BAAA86B14896DC3/UTFPR/2017-1º/web5/workspace/rpg/app/models/picture.rb": [
        1,
        1,
        null
      ],
      "/media/jefferson/6BAAA86B14896DC3/UTFPR/2017-1º/web5/workspace/rpg/app/uploaders/image_uploader.rb": [
        1,
        1,
        1,
        null,
        1,
        1,
        null,
        null,
        1,
        1,
        null,
        null,
        1,
        6,
        null,
        null,
        1,
        6,
        null,
        null,
        1,
        3,
        null,
        null,
        1,
        6,
        null,
        null
      ],
      "/media/jefferson/6BAAA86B14896DC3/UTFPR/2017-1º/web5/workspace/rpg/app/controllers/match/maps_controller.rb": [
        1,
        1,
        1,
        null,
        1,
        0,
        null,
        null,
        1,
        3,
        null,
        null,
        1,
        3,
        null,
        3,
        3,
        3,
        3,
        null,
        0,
        0,
        null,
        null,
        null,
        1,
        0,
        0,
        0,
        null,
        0,
        0,
        null,
        null,
        null,
        1,
        0,
        0,
        0,
        null,
        null,
        1,
        1,
        3,
        null,
        null,
        1,
        3,
        null,
        null,
        1,
        9,
        null,
        null
      ],
      "/media/jefferson/6BAAA86B14896DC3/UTFPR/2017-1º/web5/workspace/rpg/app/models/map.rb": [
        1,
        1,
        null,
        1,
        3,
        3,
        null,
        null
      ],
      "/media/jefferson/6BAAA86B14896DC3/UTFPR/2017-1º/web5/workspace/rpg/app/controllers/profile_controller.rb": [
        1,
        1,
        null,
        1,
        null
      ],
      "/media/jefferson/6BAAA86B14896DC3/UTFPR/2017-1º/web5/workspace/rpg/app/channels/application_cable/channel.rb": [
        0,
        0,
        0,
        0
      ],
      "/media/jefferson/6BAAA86B14896DC3/UTFPR/2017-1º/web5/workspace/rpg/app/channels/application_cable/connection.rb": [
        0,
        0,
        0,
        0
      ],
      "/media/jefferson/6BAAA86B14896DC3/UTFPR/2017-1º/web5/workspace/rpg/app/controllers/histories_controller.rb": [
        0,
        0,
        0,
        0,
        0,
        0,
        0,
        0,
        0,
        0,
        0
      ],
      "/media/jefferson/6BAAA86B14896DC3/UTFPR/2017-1º/web5/workspace/rpg/app/controllers/match/breeds_controller.rb": [
        0,
        0,
        0,
        0,
        0,
        0,
        0,
        0,
        0,
        0,
        0,
        0,
        0,
        0,
        0,
        0,
        0,
        0,
        0,
        0,
        0,
        0,
        0,
        0,
        0,
        0,
        0,
        0,
        0,
        0,
        0,
        0,
        0,
        0,
        0,
        0,
        0,
        0,
        0,
        0,
        0,
        0,
        0,
        0,
        0,
        0,
        0,
        0,
        0,
        0,
        0,
        0,
        0
      ],
      "/media/jefferson/6BAAA86B14896DC3/UTFPR/2017-1º/web5/workspace/rpg/app/controllers/users_controller.rb": [
        0,
        0,
        0,
        0,
        0,
        0,
        0,
        0,
        0,
        0,
        0,
        0,
        0,
        0,
        0
      ],
      "/media/jefferson/6BAAA86B14896DC3/UTFPR/2017-1º/web5/workspace/rpg/app/helpers/application_helper.rb": [
        0,
        0,
        0,
        0,
        0,
        0,
        0,
        0,
        0,
        0,
        0,
        0,
        0,
        0,
        0,
        0,
        0,
        0,
        0,
        0,
        0,
        0,
        0,
        0,
        0,
        0
      ],
      "/media/jefferson/6BAAA86B14896DC3/UTFPR/2017-1º/web5/workspace/rpg/app/helpers/breeds_helper.rb": [
        0,
        0
      ],
      "/media/jefferson/6BAAA86B14896DC3/UTFPR/2017-1º/web5/workspace/rpg/app/helpers/histories_helper.rb": [
        0,
        0
      ],
      "/media/jefferson/6BAAA86B14896DC3/UTFPR/2017-1º/web5/workspace/rpg/app/helpers/home_helper.rb": [
        0,
        0
      ],
      "/media/jefferson/6BAAA86B14896DC3/UTFPR/2017-1º/web5/workspace/rpg/app/helpers/match/alternatives_helper.rb": [
        0,
        0
      ],
      "/media/jefferson/6BAAA86B14896DC3/UTFPR/2017-1º/web5/workspace/rpg/app/helpers/match/challenges_helper.rb": [
        0,
        0
      ],
      "/media/jefferson/6BAAA86B14896DC3/UTFPR/2017-1º/web5/workspace/rpg/app/helpers/match/histories_helper.rb": [
        0,
        0,
        0,
        0,
        0,
        0,
        0,
        0,
        0,
        0,
        0,
        0,
        0,
        0,
        0,
        0,
        0,
        0,
        0,
        0,
        0,
        0
      ],
      "/media/jefferson/6BAAA86B14896DC3/UTFPR/2017-1º/web5/workspace/rpg/app/helpers/match/maps_helper.rb": [
        0,
        0
      ],
      "/media/jefferson/6BAAA86B14896DC3/UTFPR/2017-1º/web5/workspace/rpg/app/helpers/pictures_helper.rb": [
        0,
        0
      ],
      "/media/jefferson/6BAAA86B14896DC3/UTFPR/2017-1º/web5/workspace/rpg/app/helpers/profile_helper.rb": [
        0,
        0,
        0
      ],
      "/media/jefferson/6BAAA86B14896DC3/UTFPR/2017-1º/web5/workspace/rpg/app/jobs/application_job.rb": [
        0,
        0
      ],
      "/media/jefferson/6BAAA86B14896DC3/UTFPR/2017-1º/web5/workspace/rpg/app/mailers/application_mailer.rb": [
        0,
        0,
        0,
        0
      ],
      "/media/jefferson/6BAAA86B14896DC3/UTFPR/2017-1º/web5/workspace/rpg/app/models/application_record.rb": [
        0,
        0,
        0
      ],
      "/media/jefferson/6BAAA86B14896DC3/UTFPR/2017-1º/web5/workspace/rpg/app/models/particular.rb": [
        0,
        0
      ],
      "/media/jefferson/6BAAA86B14896DC3/UTFPR/2017-1º/web5/workspace/rpg/app/models/user.rb": [
        0,
        0,
        0,
        0,
        0,
        0,
        0,
        0,
        0,
        0,
        0,
        0,
        0,
        0
      ],
      "/media/jefferson/6BAAA86B14896DC3/UTFPR/2017-1º/web5/workspace/rpg/app/uploaders/avatar_uploader.rb": [
        0,
        0,
        0,
        0,
        0,
        0,
        0,
        0,
        0,
        0,
        0,
        0,
        0,
        0,
        0,
        0,
        0,
        0,
        0,
        0,
        0,
        0,
        0,
        0,
        0,
        0
      ]
    },
    "timestamp": 1493425012
  }
}
